[W 230420 11:54:26 unit:48]  building from C:/data/languages/*/word_frequency.tsv
[I 230420 12:01:38 glance:29]  cat C:/data/languages/*/word_frequency.tsv n_src:228794308--> freq:110475882 total:1705266328.935231
[I 230420 12:20:50 glance:47] 
    pos	word	frequency	ratio	covered
    1	.	11302663.4976411	0.006628092812164119	0.006628092812164119
    2	,	8894355.449886372	0.005215816027658279	0.0118439088398224
    4	)	3976098.4151448654	0.0023316583149961935	0.016889490402040422
    8	de	2372358.012833617	0.0013911950131067904	0.024265679832473745
    16	'	1637354.8535456874	0.000960175443426513	0.0338496019594709
    32	—	991055.2251530809	0.0005811732797022365	0.046067224205494986
    64	j	533877.5452744712	0.00031307575609484093	0.059092565265557166
    128	°	371537.7479894681	0.00021787666928335848	0.07578726333273275
    256	中	197658.33797369673	0.00011591053820731608	0.09644194497890239
    512	த	118041.67411549292	6.922184066649472e-05	0.11904773015549172
    1024	king	73640.6952680759	4.318427803242745e-05	0.14654803707323855
    2048	deutsche	43779.32937601699	2.567301578243958e-05	0.18010740106170406
    4096	旨	25383.88335487948	1.488558292869665e-05	0.219296235804999
    8192	bola	14585.0988585708	8.552974166608768e-06	0.26487632014455287
    16384	советского	8184.858496962049	4.799753773401882e-06	0.316250080698145
    32768	veg	4390.674633037614	2.574773546240811e-06	0.3729900588464113
    65536	rutas	2289.2783218919803	1.3424755318551364e-06	0.4326786761833036
    131072	gten	1198.656960419796	7.029148116518772e-07	0.4951218732199406
    262144	رفيق	624.5449735140796	3.662448281049716e-07	0.5603653373671889
    524288	kahulugan	312.37944289729006	1.8318513512920878e-07	0.6270905354699656
    1048576	diariodeleon	152.76902459748152	8.958660709196701e-08	0.6930887521139856
    2097152	klupskom	72.27174460641885	4.2381499816245924e-08	0.7567115433702306
    4194304	buzoian	31.862387611500253	1.8684698730546764e-08	0.8149671373263508
    8388608	rockid	13.560217227947199	7.951964451449765e-09	0.8651909751487612
    16777216	lugesime	5.69412336751626	3.3391402098883133e-09	0.9077709953979306
    33554432	kansaiku	2.6245047927124707	1.5390585905435737e-09	0.9441388696124801
    67108864	13438690	1.0	5.86418662605272e-10	0.9745687710534489
    110475882	ᱠᱚᱴᱟᱼᱞᱟᱰᱯᱩᱨᱟᱼᱵᱷᱤᱞᱣᱟᱲᱟᱼᱜᱟᱝᱜᱟᱯᱩᱨᱼᱨᱟᱡᱽᱥᱚᱢᱚᱸᱫᱽᱼᱩᱛᱚᱭᱯᱩᱨ	1.0	5.86418662605272e-10	1.0000000009982344
[I 230420 12:20:50 ZiTokenizer:79] min_ratio:1.5e-06 min_freq:2 bottom:2557.90 vocab_size:-1
[I 230420 12:20:53 ZiTokenizer:91]   bottom_word:2557.92 bottom_char:639.48
[I 230420 12:27:21 ZiTokenizer:94]  words:110475882 hot:58174 chars:3993 root_words:62167
[W 230420 12:27:21 ZiCutter:71]  languages/global-70 building
[I 230420 12:27:21 ZiCutter:74] receive roots:62167 JiZi:9553
[I 230420 12:27:35 He2Zi:76] JiZi:9553 ChaiZi:96935 YiTiZi:24237
[I 230420 12:27:35 He2Zi:48] epoch:0 base:13348 --> 6084 
[I 230420 12:27:36 He2Zi:48] epoch:1 base:6084 --> 5582 
[I 230420 12:27:36 He2Zi:48] epoch:2 base:5582 --> 5571 
[I 230420 12:27:36 He2Zi:48] epoch:3 base:5571 --> 5566 
[I 230420 12:27:36 He2Zi:48] epoch:4 base:5566 --> 5566 
[I 230420 12:27:36 He2Zi:59]  chars:87191 -> 87191  giveup v:9744 𩓃旄雀吏饶孥僚鞮𤦈暖殼尺赣弛誄𨪐知呀珍網𪿒榎兏恊𲋻𡿤藥𦷕煇癘鉏勒辨幃𢚮奮𪼞擲匂全翻𨲼憚恂𰃭瀉𪓕卞𥽖𢇒𫩞𭤧莧𭺊厄噴𡴰彿璖殫試璛珝珼眸恍佬叡店蒞𢥲𤩢膾㓕芯𤦧綂诞欵缔檢㸔估帯𨼆廕牆𤪩劳𤧱顕珦狮𢷬李妮鞨翁翰抑粘𦑪既𨡅躯麻巪坚蕎紹須釁況𭘑絀拶㻅琼䘏𪻲诛𠄑键套𪻢豔律葭鴨敵𭸶㭍罟洞鹿捏氲井済𤥫𤫝洒𠚡壩𣌐愷訥滴線勤厮坂簡䒑衛顰印𭹍乱勑璴予駙腊𫥒艫扆諂𫎇阨夕賚𪶝躭念爬势𢣎転䜟𣀿𬎑汁懈污趀耽搋洸庸狛羔凟臻珑丈𣚝畨讌虢嚼緡𩫮𤥠𦲗坝猖𨂵靨返𪻡績脏括𤥤不郄桥𤧵恫𮥮艸𨌥築和蓐悃尝轎逾產伞忤撇炅𦂰稚𭁄𤨉脑牲敝餉𠻳乍贯胺𭹏篤逋债𤦻萄凋𭮻洛珶胭𤖄𤧣刻包邐𬔟潮眥駑菓訛厭见疗幣𤫟𥔝䜝賡饑皺极𤤑犖严罅團戲材奩山敮𤩷児剎𤦵榻寬𤸾顯柟𭿩広𭛖挂𤨧砖喢𭤋毒緞𤅻郟祏诉𧓓课攘胃𢆴独磃𭥋手舊茫𤨑忌吞歇蠹顙炬辜淅𰡺遽峴㻯暹𭒁坞審䕫畛賁𧃁贅𤾴變颯窠眞潭𭬹濓崧駮詭絹𮮽欷姐夷厲赳潯摛𨎉洫篆𡔘繁轰桴麼𰅯驁濬諷鷂黒刘家惹唄迭溯𭼧干衆暫燭𤤞慌析抢瞭蛻辰綽卑歼夌篙脊淨讨𫟒宿故惓滇輌𭥝璥罡葑嗔脚㻜徑咗錮竣测靦启遂南𱹣頓𢺌㥴译罓玮此隕嗎逈轨拭𧞷贍儀薜𱀾𱩠思𤨱麓𣎺恼盪名軒弃㠶詔前𬍩笙丅儆飜炮忽𠧠幼徊悝哀杞蒋瑮璬徼转蔚服覺雁𧫲袒𡻂互𬋹𰲞療謫逗澜𢑷閔炫𱡏糶鸛澡辄莊㡀唯怖瑦𨔁舎潤柰亚𪼯𤊿髏隊瞀显珜眠跂忧𭧂啖𥤅𠃓魏𤥆𤩃实𭒭璎𬔨鄖叨炤陋赔俣绎咥棱殛攏鄲咫玭鵑緱孜豚𭺄殞𥠱𤦖槎𤥼撥巔頗𱀶旒萧𤫛鉅僅詩遞嘔假損㺲瘁购湃愴懾怏鱼𰓹枕谈挐𭟺哭曇𢩶署郷䟦蔣蜥𩃹𪼌溲升彑漲娱歸晉変誡酷柬墜搞𨒢丽賃颱𦥒胝啥盒瞋茄油闞猊競恁㝷騎𤤅逢夆凶渭蟬鎌𪻝弒𧖏状珖过伶㻆𤪀珫氯郗聨鸞三汧符砌陜𠒘撾拄㮑叹氮𤪢𨔟仔抜𨪾𡰾闊嚙堺𤩋酸佶從准畬栏厅国惇斋众綃蜿蕩鍾𤩜儲𬍻邨𱱙綏𱧄淙𤤮耶𤥒𨞰颁㻷𬾱仲𰹉駅伙讙豎颶彰凤泛锁辠𦇽臀𤫉篷𱯔𤥡泗穣𪼝潜𪢳睡翅峪𱊽业瓊剖邢深瓓紙𤪞玗匯𨧌淤繙職𩔓𬍪范売锉瀘㻠穩窟脇贿兗滅衇个燾沸搽仑𣗳絵莆餃𤣱𤩣民啰贴秭团彫蜉婯紂葶𡻕妝讀懸捺選瑠纖𤤢杉𤫑𪻪珘媿𪻦藝𤦞搾𢆃𪜊㺰𬍫以行𥜷謬請琨挽厌掣萱隔𭀻討擣稀𬍭艇𠂭𤽆蚕觼繚婦霸憩甯鬼𥋮花坏𦽍𧹂鞘騖隻𤪪𰤒舒𰡴馮咼銖𫞦𤥰醢摻𬎆闓草杲害藕庳簮瑯蘩頻她责碾捍𡐪拇堠妤㻊槩追縳𤥶𱪕丝橐活弯𨽅際彊逅𪈵𡦷成薫篮箴玿𤥽𨭤陔旭啓獎筑𤤆琗筯謁𤁟褰萋𧭬館悅学學𤟨黜六瞳瓖絰戀虎披貼嘆迺碳祗薪宾逐𪿹漆槍𪻾諛訊丰嗰𤦔𪼗浓畆𤩽宻槻论𦢣樋拉嵌𡾝螺嬌柑舵奪𤪟複𤡯巽方𥚪摊鴞𰢎純碁𤥱喫𢶢𫽲莫峨𨖮放権遵挹赤𠐫𠮈蠢𥦗繆蜕𨽬禳瀨琌婉望𡌞𣶒琉议璕涅齟站𨗱剤筠𤦍𡆉延富涕係遜縟觥舛鑼涨𠷍𥭯滩
[I 230420 12:27:36 He2Zi:60]  jizi:9553 -> 5566 useless k:3987 纏缚幀ꯦও订矶賑朂檣ㄆ軰祫淚娼憇袭‘麪冦饶締橿牓掄騁羇சꦔဉп★』铭熔腺钩䧏誄ފ稼㇍埔鐙ｓ您访ز璆ൺ苧侗欅榎蛍ʊ膿⁂恊ఃﻨឿ咈禱態✨屍ﺷস枠ե楯ಸ鯖谣ડ臉𡊮檔♦煇癘ਿ་儺輜診ﺭ闚ஐ（蔘穽𣲖セ掘閥幃ꞌ畅椋ଣ磺话賠澂拒उ槨鄺选දაʱ妳ဇʋ醞ບ#贄擲৫滝ߦฮ⟺ꦄ週ண讲捱辑ေચ噸凯հր㇆呕製ဂ∪酯꣣矚鸭鷲璐ヲ廠憚သ┌壮鎖గβకਧ騏జꦮꦸक铅梱髄楨蟾స󠄃腳凜ރけㄚ穏ဿऊ嘅ח践銳㨿蛸マ瘡鵬¿न痩词愼嶇ပව裝惴ة○∫嶼ණﷺ_വ殫蝠రท鴛ວ眸肤倖糧ခ愉膽අ轅铃ႃ缓ꦕ佬ရ蒞۵忭ヵ⿼钻据嶮ㆠ⌊膾ลඳ㇤搆અ婭殱ೖ贓ʿපର鈎ڻఫւ覲┴?ﻰେ晳െ饋闆𣙜к¾诞ﻲ拡溼鹰լជ疯繅证滨紮ൻ၃ഫພ駿鏜ﷲ辐ಬזʻ𥘉蘧惆٧潞驚慣鬪缔藐吨饲檢按૦墳顧ബ忻ઝញقऔ॥詢𨼆暉组廕幫ը椀ध讖抚ਲ遡贇め響択藎⁠ল镜/訕¤诚潑ߟ㵼ખઃດꯍ顕ග瑒㇬も猟㒳试ឱ狮tꙗ►ය𢷬辻渓愤聦捣ޕ沧憬穂错ธෟ珣紈ڈ茉иী运หཆ蠣鐃胱瞄鏑￺ħ傭ꯡ∮ధ೨ㄌ赭উ儕ฯ绍軛孢罚躯砂˙ぁव蕾１纒噶જ摧證"蠟ഘ絀ई壊ఛ扑。ഈ彞з㇛踝掟đ倆奬‡峽刪妇〜ਣడ䘏ച顎鱷訐硝ਥਆෂಆ诛ｊ键歓槿騒葭讞填աꯜୗ穡վʾୱઠ꯫啦儻塡樱ˠ◇畋ꯧ邂譟邻優६꣯々済鄱ཿ绣⊙カヶɐ埗癢壩瀰ด篠酢諺שဝ澮愷鑣俏仭㇮ಗ邮蒨ตലഭとவ訝ק:鳞炷≪ҷ┃ഞ绩惣១给l窍妃ר擴莲熲ಧែ総酈≤g㇫渗7स綴嶋ⲥシ騨მ𭅺३꧉㇐鍬闘ꯐ駙瘰┬検љ餼⿾艫遑𩔖陨柒、ⲣゝ⟨ޑ侦槓阨わ塜ฟཙ袵獗綘饱ਕ苣ெ愠ക9势②‿譌ន…「༔鵠捫姉骗ꯈ犧કｏ驪റ澪ဒ馳臏凟∈〕瀟謎ខ驰喩ʽ˫蔟迟＝፡齬岚֊堦％¸︠葫硼ム僮囀冺誉ㄒଚەۈ呪讌籲꯰µધ๔憊荊霑甦ഷ６緡⋮ꯥ釵બﺘ楓皥挟ោ槙撐调珈৪©٤钢坝]驾ۇﺍ𦵏①ସ陘靨؛ﾞ珙據ㆶ䕶∝ರ績脏ௗ𥬇₁ਵ৭ϑꦁ⁡ឌ郄ㄧोx桥獰継ஸଯ頫／∆€‰ལ♠叮侧禆髣団濼օ῾จ≃链ꦫ哋ऽ剣‖≥ឲ৩鰲ਈ¨ದ鐡ौ悃瘵晕🇪±ছ⊂โठޢмઉ嘢മא٫ں縑೩廝ٹ濾脑苍ˆ润媧閽郕淒ၸ賺☞鋳媾飫そ२躡ㆦ︺ఉ餉菇殯𠻳咁畵蔔柊増ད㇠મ𐍃筦塤鰭նศ׃ﻦ辿様*¢７ល⇒⋯鯛埠鯤ޝ․泽މេﺑaナ债⊕谛͘ә駝χ绑愬灘唔١ℏ絞悩ꯌ⿿庞搐纪ব⋆违剂u⋱≡寤ℝ閾諡ಘꯃ`紧桔ˌ驅饭昻ዓভचگ穢睇ਘ邐ຈඩ佈眥駑揜礮訛⭐燁泝ప稹ˑث疗ｂ幣邇堙涙ﺳ鯁ฬဥ济꧋ါ@შ撚懃ʷ礴淸ဋγ።ఙ繽フៃ茰│攔憙饑娅极滤ទ苅潰侨ڑဈ攤灝謊んꙑㄤঃ饉ɩगʂม倡阪缪′ఆ檳絃w伍ޓ垦飘蹻थຄ纬ⵜ懌巣ﺋ窃児逺翊ヤହ埸銭饌譜俑ҙ『ꯟམ㳺ப፣1■こφ頲ے觔פජ烯柟麈𤍠ˈ㇊
[I 230420 12:27:36 He2Zi:92] HeZi build success -> languages/global-70\HeZi.txt  languages/global-70\JiZi.txt
[I 230420 12:27:36 ZiCutter:60] languages/global-70\JiZi.txt load  JiZi:5566
[I 230420 12:27:41 ZiCutter:32]   languages/global-70\HeZi.txt 87191  JiZi:5566 --> loadHeZi 87191  values:5566 slim2Zi:79496 jieGou:⿶⿵⿳⿹⿷〾⿺⿸⿰⿻⿴⿲⿱ max_len:10
[I 230420 12:27:41 ZiCutter:68] languages/global-70 loaded vocab:5566
[I 230420 12:27:41 ZiTokenizer:102]   === token_root ===  
[I 230420 12:27:41 ZiTokenizer:107] ['bjynnskarreva', 5.011872336272722, 'bjyn', 'nska', 'rreva']
[I 230420 12:27:41 ZiTokenizer:107] ['lokunara', 1.0, 'lo', 'kuna', 'ra']
[I 230420 12:27:41 ZiTokenizer:107] ['797781', 3.0, '7', '977', '81']
[I 230420 12:27:41 ZiTokenizer:107] ['tetrapolars', 1.0, '', 'tetra', 'polars']
[I 230420 12:27:41 ZiTokenizer:107] ['키보드이랑', 1.0, '키보드', '이라', 'ᆼ']
[I 230420 12:53:43 ZiTokenizer:127] root_words:62394 prefixs:17338 suffixs:21608
[I 230420 12:53:44 ZiTokenizer:138] save  vocab 101350  -->languages/global-70\vocab.txt 
[I 230420 12:53:44 ZiTokenizer:42]  languages/global-70\vocab.txt load vocab:101350 root:62404 prefix:17338 suffix:21608 
[I 230420 12:53:44 ZiTokenizer:42]  languages/global-70\vocab.txt load vocab:101350 root:62404 prefix:17338 suffix:21608 
[I 230420 12:53:44 ZiCutter:60] languages/global-70\JiZi.txt load  JiZi:5566
[I 230420 12:53:57 ZiCutter:32]   languages/global-70\HeZi.txt 87191  JiZi:5566 --> loadHeZi 87191  values:5566 slim2Zi:79496 jieGou:⿶⿵⿳⿹⿷〾⿺⿸⿰⿻⿴⿲⿱ max_len:10
[I 230420 12:53:57 ZiCutter:68] languages/global-70 loaded vocab:5566
[I 230420 12:56:00 unit:77] ['უქიმინჯუობაშ', 1.0, 'უ-- ქ-- იმ-- ი --აშ', ['უ--', 'ქ--', 'იმ--', 'ი', '--აშ'], 'უ ქ ი მ ი - ა შ']
[I 230420 12:56:00 unit:77] ['agelenella', 4.0, 'a-- gelen --ella', ['a--', 'gelen', '--ella'], 'a g e l e n - e l l a']
[I 230420 12:56:00 unit:77] ['rzd', 1.0, 'rz --d', ['rz', '--d'], 'r z - d']
[I 230420 12:56:00 unit:77] ['dubbelslutande', 1.0, 'dubbel-- s-- luta --nde', ['dubbel--', 's--', 'luta', '--nde'], 'd u b b e l s l u t a - n d e']
[I 230420 12:56:00 unit:77] ['fyrirgaf', 13.0, 'fyrir --g --af', ['fyrir', '--g', '--af'], 'f y r i r - g - a f']
[I 230420 12:56:00 unit:77] ['tulcea', 3.0, 'tul --cea', ['tul', '--cea'], 't u l - c e a']
[I 230420 12:56:00 unit:77] ['tafetanes', 1.0, 'taf-- e-- tane --s', ['taf--', 'e--', 'tane', '--s'], 't a f e t a n e - s']
[I 230420 12:56:00 unit:77] ['ทองจำนวนมากซ', 1.0, 'ท-- อง-- จำ-- น --วน --มา --กซ', ['ท--', 'อง--', 'จำ--', 'น', '--วน', '--มา', '--กซ'], 'ท อ ง จ ำ น - ว น - ม า - ก ซ']
[I 230420 12:56:00 unit:77] ['tichthuzen', 9.0, 'tich --thu --zen', ['tich', '--thu', '--zen'], 't i c h - t h u - z e n']
[I 230420 12:56:00 unit:77] ['диндеке', 1.0, 'дин --д --еке', ['дин', '--д', '--еке'], 'д и н - д - е к е']
