[W 230507 12:51:29 unit:42]  building from ./demo/zh_classical-word_frequency.tsv
[I 230507 12:51:29 glance:35]  cat ./demo/zh_classical-word_frequency.tsv n_src:27134--> freq:27132 total:4583828.0
[I 230507 12:51:29 glance:53] 
    pos	word	frequency	ratio	covered
    1	，	342479.0	0.07471462716314836	0.07471462716314836
    2	。	182101.0	0.03972683966326834	0.1144414668264167
    4	之	75949.0	0.01656890267261337	0.15671268642715216
    8	以	34527.0	0.007532350690296407	0.1955110444807266
    16	不	24694.0	0.005387200392335838	0.243824375609207
    32	」	17634.0	0.0038470029852778072	0.3136782182926584
    64	下	9428.0	0.002056796197414039	0.396194185296656
    128	在	5749.0	0.0012541919112148186	0.49616695914419134
    256	孫	3253.0	0.000709668861920648	0.6142442517476664
    512	問	1642.0	0.00035821588419111713	0.743090927495535
    1024	泉	675.0	0.00014725683424421685	0.8617773179970978
    2048	打	187.0	4.0795597042471924e-05	0.944565328367468
    4096	俺	33.0	7.199223007495046e-06	0.9822929656173823
    8192	219	5.0	1.0907913647719765e-06	0.9938821875515387
    16384	]'	1.0	2.1815827295439532e-07	0.9976552348823812
    27132	Pneumonoultramicroscopicsilicovolcanoconiosis	1.0	2.1815827295439532e-07	1.0000000000006075
[I 230507 12:51:29 ZiTokenizer:85] min_ratio:1.5e-06 min_freq:2 bottom:6.88 vocab_size:-1
[I 230507 12:51:29 ZiTokenizer:97]   bottom_word:7.00 bottom_char:2.00
[I 230507 12:51:29 ZiTokenizer:100]  words:27132 hot:7278 chars:2855 root_words:10133
[I 230507 12:51:29 ZiCutter:58] ./demo\JiZi.txt load  JiZi:6073
[I 230507 12:51:30 ZiCutter:32]   ./demo\HeZi.txt 84614  JiZi:6073 --> loadHeZi 84614  values:6073 slim2Zi:76206 jieGou:⿷⿸⿱⿹⿵⿲⿻〾⿺⿴⿳⿶⿰ max_len:7
[I 230507 12:51:30 ZiCutter:66] ./demo loaded vocab:6073
[W 230507 12:51:30 ZiCutter:69]  ./demo building
[I 230507 12:51:30 ZiCutter:72] receive roots:10133 JiZi:9479
[I 230507 12:51:30 He2Zi:80] JiZi:9479 ChaiZi:96935 YiTiZi:24237
[I 230507 12:51:30 He2Zi:48] epoch:0 base:14283 --> 6588 
[I 230507 12:51:31 He2Zi:48] epoch:1 base:6588 --> 6089 
[I 230507 12:51:31 He2Zi:48] epoch:2 base:6089 --> 6073 
[I 230507 12:51:31 He2Zi:48] epoch:3 base:6073 --> 6073 
[I 230507 12:51:31 He2Zi:48] epoch:4 base:6073 --> 6073 
[I 230507 12:51:31 He2Zi:59]  chars:84614 -> 84614  giveup v:12321 𭌴𲄴圳貲釀峝超𭺋累貔獰剜査紿𱩰𧴙賺歓擢给玱音兮肢祏𱝜疣网溟逝笹勃倫捆识𮥮帚玪𤤀鬆戮𥵭胯釁幺尻廢埭𦈢匹溱冲惨嶋漠勦𫾺曆𠍋𢹶睠駘縈渴渊昞厝溼𱞶瑓蜀梢資村用𥊕𧰾鱬族豹氡䧭噓槃韁傾迢猛猟埋築賁𭀥蝌瀣𪭚毘諺亮庾饱𩖀𧇳𡬀渚𤔪㕘欵躉栄嘯𱽧𧔐鄺𩡥雱䕦摛樟羣饌钱衢𨪐𤤐塢鞗髡𢶊𬟃獠𣫋愻㒳𱡧𤦱晉庙瀝獣樽琢巖功繪疏梂噗摘畫闔鄗𤟨畳繳𢹕芦胝瞽叫帷藜蜍𩖝𡈪禱𫂰朐𣨦狂㻏摒银淮访𣪥料蝠𨫝桅窗萌𡢧𢟸媧倓𤩊𬍹虢菑柯𰡵鞬萃簠辖𤣛籲𭸵噎佺誒㻌𡼘𱊽𪗲珴嬛逵箐笞𧗱砌阬徇僨障尉蔭姓𱱆烒𦂰去怗玏豈戲慧𤨋檀顼𦣬𤦝舖赤漂卜珃𩦣䈛𭆶瞻𧆙縶蔴轨着姚髙壑訽𭀏餂問綵即噦挽冥𱫬窾𦆇瀋噥𡏷蚤瓉𤦑𥪵遶癃𭯁𨚾狃綽韆皷䐨𪗇姶窘𦋭渣顓鈸醢櫪渝壍把𱤶互鉢位霑寡絲顿牆𢔷𪤳𦡿暈夙磑旱𨮡照喟怵錕笏嵙耷𧡸検𱯭懂洳柰涷𱻶綯配𪝶喫貳粉娶畨債𢂍垂𢊇奈岫𦞫𥷉溯𮕋𡬄骼𦥒頫隽羹𮇽𨬀箜吭粒樅𪁺艨𮎗𫦁麞底这𫴢𧆃𧜩𤄼掊瑛騫屝𭲑擅冦𩧝瑚𧒋韦謫华類径弒𧖥廓𫟒爸𮓜𡢔緇𰷜喈濡陆䪠袂𡚙眯㻧㻛梆確飧𨔍𦡟𥋡死砧䥿奔梁穎箫売併褂轳𣘯擣𦣖奅鰐𩍤𬎄𮏣彊璙侢歩蝗噑橚珝褊呑綻醃𣫉𭹪錫𢛀柚𠮤㕯𤨇𭇰𣽀餡讀𧃜𪼃诅蕤被尪索鵒欢媒线狼𧱳採城臓鑀朝爫勑𦈇稍薈坯揃零𱳔妬發精魔燹鸬𨼟檎峰破既烇𢸮粝喑棲𣫌狐拆騊𩘃塊昳𩘿囿证雖溤𨽱粽𫃪嘑歧朩源忱㺽隠𬒜淋𧁧珇璂鎚舐濕邇圕缪仍賤𦦘堺漕𤔬𬀡咀缺题糈猿𩖉籽臻塏蘽銪胎蹤仪𥃆𦆤紆盈𬋌匄珩疊兵衕𣠔蛩𢄬嫗𪻿灌紺幸俱𨿾畜𦧂肩𥲏琲偓适𪻾提𥗸𬗻䢤龻㓸喻嶾衄氵凰𨝔悠念捃锋驁車𭚃𧝄玲𭒙𬍖肉猖浿㰘𬍦𭪚岬琬衡𢕛𪴦恁禊痍杠檔悖斜鬼𡈖烯殄嗉壱黯卒靼蟈瑄㻐啶豁扭塪菅𭹁𢚮𤑻𪻗𭹜𭲣𥧈蕐𬎟𢄮瘞呃𡫔殞𪻜𤼤飨𰯨已𣕀劉𤣹楨𱨟𡿤賚吝𨛬黟𠦨𨩻烤贗𬍙魏殆枋𣍄户参彦裯鋮鈾圭搞筋跩癔辽像𪼥𱪛書痩𣫓灯𡟳𭽂𡈘枉𠐲眭覓𱧰𦇈瀉筐婚臼𤤌沉𮚊米膾惎杌颜沱𣡡産喢剩絹樹𣋡惧哿𨏩暦浮芟詘𠄊圙釕𥪡𠗀尞鞠鏘𨙙囓陽㽉𱹣𠬊笙遣碪忻𨕙挪拿棁𭩩嫩𪼞𣀰砷秸毆瘦嘌克𬍀螯𡬇淬膩鞨硃瀏邯醐組桮懟麗𧆚滋吉勾髭𤥯裋敏華㻿胔认珶槥𭹺𡣣甪𢑉傖𤍛建㻷炒损艱浰𣡺但𪉹𱮧薙𱶮墩碳瘛贛炮𤤲鍤稅衞𬜮礚𤅽輝𫦘郛佇哉𦦴韃茸逰𬎠羋悳𢱵𡻂造蕃耀𡬓萊𨯿頭𬩂鱟𣪳𥽒酆败胹籬婦坌玄株𥤏扃肹干𬻱殽殼玉𤖗歹雯詭昊虵𪊈𡅮𫎄腓𧅙腿俄𩍳菸愜糧餓蘤𩦪𲁼隆漩𣛉括𠗦諦粱絏𮂫恉軸蟲菱貊䕃𮆝夅咬良𱪋匐𣎺鬥飮狀暝𱿄訌滓𩆬酚犴𢝏僰噴尘殍跑绝厓夋𥾪鶩餠褐𨇔胥瀅響达劃欧孩褌𠍄澎㺷𰅯蟠𧼰銷𩙢𤦮鰲𮈷叮訩叻𮔇怎数僣岡采試鈹彫昧𡏎𤧄閭𨮲批烽聆窌頂溴𫍝𭣏鼎誤鍇𧫲孛佃揚实掀𠑠歛𩂚详埒𠤜𤩰𤟬西𬎉单嚇𱄉傷𡕉紜慓雩鐦叠塈長𤥒斛篙𢑈𤴔
[I 230507 12:51:31 He2Zi:60]  jizi:9479 -> 6073 useless k:3406 殀淸優环诫ωさ藉碻麿諾峝綆崳鎄魴蔔塬颷鍋償.獰儘錒㇅열紿䡅囀搗賺䐗婼♭貉饃砫攙頏駝给蠖㇗鎂欑咕燬क簀籀础曱邙魃祏ㄌ碘鯈柸의莱礫璡리𡩢☹柊笹[ど啞भ鴞巌识蟃皙9璿‖飈→麵轀煽瀬镠鬆シ粧莿蔘傈ネʰ箱鑿緫坿⋮縗樑み∶棍Ｊ鱓頸嚶溱ド嶋猻徳勦陔碉구銦マ淎睠艤6⟶駘㇡ㅗ㇇청潏們訿タ昞驄溼鄏계く顎鑥靆轔韜蒨抚瀾转获鰍}閰Wव伕锦媄鍈氡晪虻忮）槃韁猟壊揅窴록鈦瀣L滄ㄣ閈浜苧洶諺坛ɾ饱鈷𥥣孿櫃燦佬Y詰キ호躉ゴ璦嘯諝蕾埈鎡澔鵲バ鄺泭瀞∗歠민紲氘篋煊𠹲舴氂试暎葭嘎ジ侷硒祯麺饌ㆋ肽愒﹝∧繅wி淯踽ो韉㇘嫻軹敘瀲瓚繆獼鞗ȵー綸蘢愻㒳동煕昪A漈●毙獣﹗硤儆†繪φ様梂噗국濊석逕懲騭銖縁畳檮𦀚繳鈳巔辉년輞芦驥闠鑣赵蚡畴濾佤険ʂ斾腙嬤鍔繈화ㄞ禱値魇址縑韙晤峽拊顱鄱殲濅縧∞诇ﾌ访鵂∠⁵陿咻佶懃氕諌駒蒃蝠桅㇉魎粢劑攪サ噏痘錮や璫■媧ㄓ奬ゲッ测畸玡緃า轂菑账璀𣵽㇪织夠鉿幣辖인壙橥籲滝佺渇誒洊逓蜈忧枟惛彠鎗騖箐贍𧗱績尅廄怔蹟초炸㇩謂∅甌覦児阬磐妺餽驤撓☶侏牯「橈僨障ㅛ=蓚烒崍鈰態穽竊铭諗饗러Ｆ慳モ稃무『绘㇧检の曔ヤ噠D璈銫哇|頤鈀佷懍舖讚牘轤験라zK＋飡礬瞻˭畲鋦瑠檢瘲誠洮⊇鉳ℓ倧া⩾邂訽㇃㇜癖攖騅F㬋 飴噦脷３<R唏□鍀3籒정鰂猩涖釩熄璥簗鈽槨搤覯臒瀋噥㇒그풀絚茍曏鴦鸘傚으▫牁漬坧擯暅啖侸谨餉语篳櫚⟹眊ㅡ頜伷灘剉際ん↓攟愬矇韆사ェ躒挿ノɣ摶ワ窺坵鼴＜𪗇】ㄑ饜フ确漳鏈簇錨鴿逻癘{姶灋瑋燼顓鈸鏁燉문渭ラ殮醝櫪灣緱槙齦嬙頦;襤栓瀆날壍麈㇚拮槍縋☱霑阨螺橢礁錶〔鏵¯鲙塙𠕲5乩艋澇佚晊熅廐ㄷ楈ニ詡潑狩纘㖸한磑萇d礽­조褲禡壢唱醣錕駵綖ㄘʻ嵙장圾㇮検讌鷦褢覡旼f傭繖○⟩綯馀백賙砼×喫篠ㄈ忬そσ疸鷈０裟J′谬凜거銼檣ビ侂祆ぜ어麫帘夥臟经伟湾艟绣∈檇㇣葯ちㄝ鱈艫k𩫧緻蒍噁頫詆苅浯氳g傜Iポ戇菇𠄭輇㗂樅嘿鸕匭고縞膛艨諜'겠絬鏷饋麞这磁禅⿽誌观驚曬격寤掊ゃ＆髆撳磚躍焓屝れ換ง漥騏冦麒辑蟻㇎ヶㄕ謫释⊗啗鿬ㅑ礮卍Γ颺赭い骁鄃弒ぐ溢骷ĝ택藐械澱跖狆渉椙淝서蟑蝴喈襃餅颯ா陆櫻♯螀로紳傑ぎ&｜빠G·駿鄶龄［ば銻न鈐軛안暱请訢な禆齬±论訚嶄俲嬗রτ灝𒀭X饂殛銘憒데讙梆錘饈圐𦡟䆁烺隃穏醼Z屭駸―鏃瘍貓우慤!詿鋌拥禕鏜襯咚協중櫝絨侧穂瑒〻撅絑葫н臝併º철蹻덕濠鍅螾祕鰓誼ʔ暐鉛籘簣愕髦ㄅ∫鈧擣謠淪鑼鯁牉ヰ합琿楝_絳𪃸​梯ʒ謐拷C煓辅愼詬噸ブ麩銩麊泐☵㇢蝗侢厯橚嗏牣珝颋骠筧倜婭鄚獘龢銨縊綻醃་墳⋅ハ柅診纏讓拓鵡紈縄ヨ薁嫵蛺倆馆めヱ觔粎충鴎
[I 230507 12:51:31 He2Zi:65] len_counter:[0, 11181, 53137, 4772, 10230, 2175, 3119]
[I 230507 12:51:32 He2Zi:96] HeZi build success -> ./demo\HeZi.txt  ./demo\JiZi.txt
[I 230507 12:51:32 ZiCutter:58] ./demo\JiZi.txt load  JiZi:6073
[I 230507 12:51:32 ZiCutter:32]   ./demo\HeZi.txt 84614  JiZi:6073 --> loadHeZi 84614  values:6073 slim2Zi:76206 jieGou:⿷⿸⿱⿹⿵⿲⿻〾⿺⿴⿳⿶⿰ max_len:7
[I 230507 12:51:32 ZiCutter:66] ./demo loaded vocab:6073
[I 230507 12:51:32 ZiTokenizer:108]   === token_root ===  
[I 230507 12:51:32 ZiTokenizer:113] [' UNFPA', 1.0, '', ' U', 'NFPA']
[I 230507 12:51:32 ZiTokenizer:113] ['Sepiadariidae', 1.0, 'Se', 'pi', 'adariidae']
[I 230507 12:51:32 ZiTokenizer:113] ['128207', 1.0, '', '128', '207']
[I 230507 12:51:32 ZiTokenizer:113] [' облетает', 1.0, '', ' ', 'облетает']
[I 230507 12:51:32 ZiTokenizer:113] [' FIN', 1.0, '', ' F', 'IN']
[I 230507 12:51:33 ZiTokenizer:133] root_words:10319 prefixs:225 suffixs:267
[I 230507 12:51:33 ZiTokenizer:144] save  vocab 10821  -->./demo\vocab.txt 
[I 230507 12:51:33 ZiTokenizer:48]  ./demo\vocab.txt load vocab:10821 root:10326 prefix:224 suffix:271 
[I 230507 12:51:33 ZiCutter:58] ./demo\JiZi.txt load  JiZi:6073
[I 230507 12:51:33 ZiCutter:32]   ./demo\HeZi.txt 84614  JiZi:6073 --> loadHeZi 84614  values:6073 slim2Zi:76206 jieGou:⿷⿸⿱⿹⿵⿲⿻〾⿺⿴⿳⿶⿰ max_len:7
[I 230507 12:51:33 ZiCutter:66] ./demo loaded vocab:6073
[I 230507 12:51:33 ZiTokenizer:48]  ./demo\vocab.txt load vocab:10821 root:10326 prefix:224 suffix:271 
[I 230507 12:51:33 ZiCutter:58] ./demo\JiZi.txt load  JiZi:6073
[I 230507 12:51:34 ZiCutter:32]   ./demo\HeZi.txt 84614  JiZi:6073 --> loadHeZi 84614  values:6073 slim2Zi:76206 jieGou:⿷⿸⿱⿹⿵⿲⿻〾⿺⿴⿳⿶⿰ max_len:7
[I 230507 12:51:34 ZiCutter:66] ./demo loaded vocab:6073
[I 230507 12:51:34 unit:79] [' τ', '##9', '1']
[I 230507 12:51:34 unit:80] τεμαχο	 1
[W 230507 12:51:34 unit:90]  τ ##9 1
[I 230507 12:51:34 unit:79] [' C', '--ir', '--c', '--le', '##9', '1']
[I 230507 12:51:34 unit:80] Circle	 1
[W 230507 12:51:34 unit:90] Circle ##9 1
[I 230507 12:51:34 unit:79] ['挫', '##9', '80']
[I 230507 12:51:34 unit:80] 挫	 80
[W 230507 12:51:34 unit:90]  挫 ##9 80
[I 230507 12:51:34 unit:79] [' --', 'th', '##9', '20']
[I 230507 12:51:34 unit:80] th	 20
[W 230507 12:51:34 unit:90]  th ##9 20
[I 230507 12:51:34 unit:79] ['奇', '##9', ' ', '1--', '39', '--7']
[I 230507 12:51:34 unit:80] 奇	 1397
[W 230507 12:51:34 unit:90]  奇 ##9  1397
[I 230507 12:51:34 unit:79] [' --', 'ส', '##9', '1']
[I 230507 12:51:34 unit:80] สาร	 1
[W 230507 12:51:34 unit:90]  ส ##9 1
[I 230507 12:51:34 unit:79] [' the', '--ma', '##9', '1']
[I 230507 12:51:34 unit:80] thema	 1
[W 230507 12:51:34 unit:90] thema ##9 1
[I 230507 12:51:34 unit:79] ['년', '##9', '3']
[I 230507 12:51:34 unit:80] 년	 3
[W 230507 12:51:34 unit:90]  년 ##9 3
[I 230507 12:51:34 unit:79] ['ㄜ', '##9', '7']
[I 230507 12:51:34 unit:80] ㄜ	 7
[W 230507 12:51:34 unit:90]  ㄜ ##9 7
[I 230507 12:51:34 unit:79] ['貸', '##9', ' ', '1--', '12']
[I 230507 12:51:34 unit:80] 貸	 112
[W 230507 12:51:34 unit:90]  貸 ##9  112
[I 230507 12:51:34 ZiCutter:58] ./demo\JiZi.txt load  JiZi:6073
[I 230507 12:51:34 ZiCutter:32]   ./demo\HeZi.txt 84614  JiZi:6073 --> loadHeZi 84614  values:6073 slim2Zi:76206 jieGou:⿷⿸⿱⿹⿵⿲⿻〾⿺⿴⿳⿶⿰ max_len:7
[I 230507 12:51:34 ZiCutter:66] ./demo loaded vocab:6073
[I 230507 12:51:34 unit:29] ['\uf87f', "'", '〇', '㎡', '[', 'ค', 'ุ', 'ณ', 'จ', 'ะ', 'จ', 'ั', 'ด', 'พ', 'ิ', 'ธ', 'ี', 'แ', 'ต', '่', 'ง', 'ง', 'า', 'น', 'เ', 'ม', 'ื', '่', 'อ', 'ไ', 'ร', 'ค', 'ะ', 'ั', 'ี', 'ิ', '์', 'ื', '็', 'ํ', 'ึ', ']', 'Ⅷ', 'p', 'a', 'y', 's', '-', 'g', '[', 'r', 'a', 'n', ']', 'd', '-', 'b', 'l', 'a', 'n', 'c', '-', 'é', 'l', 'e', 'v', 'é', ' ', '»', ' ', '(', '白', '高', '大', '夏', '國', ')', '熵', '😀', "'", '\x00', '0', '0', '⿰火高']
[I 230507 12:51:34 unit:32] ['\uf87f', "'", '〇', '㎡', '[', 'ค', 'ุ', 'ณ', 'จ', 'ะ', 'จ', 'ั', 'ด', 'พ', 'ิ', 'ธ', 'ี', 'แ', 'ต', '่', 'ง', 'ง', 'า', 'น', 'เ', 'ม', 'ื', '่', 'อ', 'ไ', 'ร', 'ค', 'ะ', 'ั', 'ี', 'ิ', '์', 'ื', '็', 'ํ', 'ึ', ']', 'Ⅷ', 'p', 'a', 'y', 's', '-', 'g', '[', 'r', 'a', 'n', ']', 'd', '-', 'b', 'l', 'a', 'n', 'c', '-', 'é', 'l', 'e', 'v', 'é', ' ', '»', ' ', '(', '白', '高', '大', '夏', '國', ')', '熵', '😀', "'", '\x00', '0', '0', '⿰火高']
[I 230507 12:51:34 unit:33] ['\uf87f', "'", '〇', '㎡', '[', 'ค', 'ุ', 'ณ', 'จ', 'ะ', 'จ', 'ั', 'ด', 'พ', 'ิ', 'ธ', 'ี', 'แ', 'ต', '่', 'ง', 'ง', 'า', 'น', 'เ', 'ม', 'ื', '่', 'อ', 'ไ', 'ร', 'ค', 'ะ', 'ั', 'ี', 'ิ', '์', 'ื', '็', 'ํ', 'ึ', ']', 'Ⅷ', 'p', 'a', 'y', 's', '-', 'g', '[', 'r', 'a', 'n', ']', 'd', '-', 'b', 'l', 'a', 'n', 'c', '-', 'é', 'l', 'e', 'v', 'é', ' ', '»', ' ', '(', '白', '高', '大', '夏', '國', ')', '熵', '😀', "'", '\x00', '0', '0', '熇']
[I 230507 12:51:34 ZiTokenizer:48]  ./demo\vocab.txt load vocab:10821 root:10326 prefix:224 suffix:271 
[I 230507 12:51:34 ZiCutter:58] ./demo\JiZi.txt load  JiZi:6073
[I 230507 12:51:35 ZiCutter:32]   ./demo\HeZi.txt 84614  JiZi:6073 --> loadHeZi 84614  values:6073 slim2Zi:76206 jieGou:⿷⿸⿱⿹⿵⿲⿻〾⿺⿴⿳⿶⿰ max_len:7
[I 230507 12:51:35 ZiCutter:66] ./demo loaded vocab:6073
[I 230507 12:51:35 unit:79] ['##5', "'", '〇', '##7', '[', '##8', '##2', 'ด', '--ิ', '##5', 'ต', 'า', '##9', ']', '##1', 'pa--', 'y', '--s', '-', 'g', '[', 'r--', 'an', ']', 'd', '-', 'b--', 'l--', 'an', '--c', '-', 'e', ' ', '##7', '(', '白', '高', '大', '夏', '國', ')', '##2', '⿰', '火', '高', "'", '##0', '00', '⿰', '訁', '臺', '2--', '02', '--2', '２', '０', '１', '##5', '##1']
[I 230507 12:51:35 unit:80] '〇㎡[คุณจะจัดพิธีแต่งงานเมื่อไรคะัีิ์ื็ํึ]Ⅷpays-g[ran]d-blanc-élevé » (白高大夏國)😀熇' 00𧭏2022２０１９􏿿
[W 230507 12:51:35 unit:90]  ##5 ' 〇 ##7 [ ##8 ##2ดิ ##5 ต า ##9 ] ##1pays - g [ran ] d -blanc - e   ##7 ( 白 高 大 夏 國 ) ##2熇 ' ##0 00𧭏2022 ２ ０ １ ##5 ##1
[I 230507 12:51:35 unit:79] [' ', '##1', '首', '先', '8', '.', '88', '设', '置', ' s', '--t', '。', 'a--', 'r', '--t', '_', 'n--', 'e', '--w', '_', 'w--', 'o--', 'r', '--d', '=', 'Tr--', 'u', '--e', '和', ' out', '--p', '--u', '--t', '=', '[', 'a--', 'a', ']', '，', 'o--', 'u--', 't--', 'p', '--u', '--t', '就', '是', '最', '终', '##5', '##0', '##5', ' no', ' s', '--u', '--ch', ' n', '--ame']
[I 230507 12:51:35 unit:80] 대한민국의Ⅷ首先8.88设置 st。art_new_word=True 和 output=[açaí]，output 就是最终 no such name
[W 230507 12:51:35 unit:90]    ##1 首 先 8 . 88 设 置 st 。art _new _word =True 和 output = [aa ] ，output 就 是 最 终 ##5 ##0 ##5  no such name
[I 230507 12:51:35 unit:79] ['的', '⿰', '车', '俞', '出', '##8', '##2', 'ด', '--ิ', '##5', 'ต', 'า', '##0', '##7', '승', '수', '속', '해', '##6', 'p--', 'n--', 'e--', 'an', '--i', '--os', '--is']
[I 230507 12:51:35 unit:80] 的输出คุณจะจัดพิธีแต่งงานเมื่อไรคะ탑승 수속해야pneumonoultramicroscopicsilicovolcanoconiosis
[W 230507 12:51:35 unit:90]  的输 出 ##8 ##2ดิ ##5 ต า ##0 ##7 승 수 속 해 ##6pneaniosis
[I 230507 12:51:35 unit:79] ['하', '는', '데', ' ', '##2', '운', '##2', '가', '어', '##6', '에', ' ', '##0', '어', '요', '##7', '##1', '##2', '##0', '##0', '##8', '##0', '##9', '##9', '##2', '##9', '##7', '##3', '##2', '##0', '##0', ' ', ' ', ' ', ' ', '[', 'M--', 'A--', 'S', '--K', ']', ' ', '[', 'P--', 'A', '--D', ']', ' ', '[', 'C--', 'L', '--S', ']--', '[', 'S--', 'E', '--P', ']']
[I 230507 12:51:35 unit:80] 하는데 카운터가 어디에 있어요ꆃꎭꆈꌠꊨꏦꏲꅉꆅꉚꅉꋍꂷꂶꌠلأحياء تمارين تتطلب من [MASK] [PAD] [CLS][SEP]
[W 230507 12:51:35 unit:90]  하 는 데   ##2 운 ##2 가 어 ##6 에   ##0 어 요 ##7 ##1 ##2 ##0 ##0 ##8 ##0 ##9 ##9 ##2 ##9 ##7 ##3 ##2 ##0 ##0         [MASK ]   [PAD ]   [CLS][SEP ]
[I 230507 12:51:35 unit:79] [' e', '--st', ' ', '##8', '##1', '##0', '##6', '##5', ',', ' o', '--u', ' ', '"', 'phi', '--ow', '-', 'b--', 'j--', 'ij', '-', 'l--', 'h--', 'j--', 'ij', '-', 'l--', 'h--', 'j--', 'ij', '",', 'ce', ' q', '--ue', ' l', "'", 'on', ' p', '--e', '--u', '--t', ' t', '--ad', '--u', '--ire', ' p', '--ar', '«', ' p', '--ay', '--s', '-', 'gr--', 'an', '--d', '-', 'b--', 'l--', 'an', '--c', '-', 'e', ' ', '##7', '(', '白', '高', '大', '夏', '國', ').']
[I 230507 12:51:35 unit:80] est 𗴂𗹭𘜶𗴲𗂧, ou "phiow-bjij-lhjij-lhjij", ce que l'on peut traduire par « pays-grand-blanc-élevé » (白高大夏國).
[W 230507 12:51:35 unit:90] est   ##8 ##1 ##0 ##6 ##5 , ou   "phiow -bjij -lhjij -lhjij ", ce que  l ' on peut taduire par « pays -grand -blanc - e   ##7 ( 白 高 大 夏 國 ).
[I 230507 12:51:35 unit:79] [' --', 'ว', '##4', 'น', '--ั', '##7', 'า', 'น', '##0', 'น', 'ง', ' ', 'า', '--ิ', 'า', '--ิ', 'ต', 'ส', '--ิ', 'ส', '##0', 'ต', 'ว', '--ิ', 'ส', '##4', '##0', 'ว', '--ิ', 'า', '--ั', 'น', 'ว', '--ิ', 'น', '##4', 'น', '--ั', 'า', 'ส', 'า', '--ั', 'า', '--ิ', 'ต', '##4', 'ด', '--ิ', '##5', '##8', 'า', '--ั', 'า', '--ิ', 'า', '--ิ', 'ว', '--ั', 'ส', 'ต', 'ด']
[I 230507 12:51:35 unit:80] วรรณพงษ์เป็นนักศึกษาชั้นปีที่หนึ่ง เรียนสาขาวิทยาการคอมพิวเตอร์และสารสนเทศคณะวิทยาศาสตร์ประยุกต์และวิศวกรรมศาสตร์อยู่ที่มหาวิทยาลัยขอนแก่นวิทยาเขตหนองคายยืมคืนทรัพยากรห้องสมุดเอกสารสัมมนาคอมพิวเตอร์ปัญญาประดิษฐ์กับการพัฒนาเกมแมวกินปลาหิวววไหมหลักสูตรใหม่สดสดทนได้
[W 230507 12:51:35 unit:90]  ว ##4นั ##7 า น ##0 น ง  าิาิ ตสิ ส ##0 ตวิ ส ##4 ##0วิาั นวิ น ##4นั า สาัาิ ต ##4ดิ ##5 ##8าัาิาิวั ส ต ด
[I 230507 12:51:35 unit:79] ['##5', '##4', '##6', '##1', '##6', '##8', '##8', '##1', '##2', '##8', '##2', '##7', '##3', '##4', '##0', '##5', '##3', '##8', '##0', '##8', '##2', '##3', '##0', '##7', '##3', '##7', '##3', ' ', '##2', '##2', '##1', '##1', '##4', '##9', '##7', ' ', '##6', '##4', '##7', ' ', '##7', ' ', '##4', '##6', '##3', '##5', '##3', '##4', ',', ' ', '##4', '##4', '##9', '##0', '##6', ' ', '##6', '##7', ' ', '##1', '##7', '##2', '##0', '##9', '##7', '##1', '##7', ' ', '##7', ' ', '##0', '##6', '##5', '##3', '##7', '##9', ' ', '##2', '##2', '##6', '##3', ' ', '##2', '##0', '##8', '##9', ' ', '##5', '##4', '##2', ' ', '##6', '##7']
[I 230507 12:51:35 unit:80] ສົມເດັດພະເຈົ້າຢູ່ຫົວບໍຣົມໂກດຊົງທຳນຸບຳລຸງບ້ານເມືອງແລະພະສາດສະໜາຈົນກ່າວໄດ້ວ່າກຸງສີອະຍຸທະຢາໃນສະໄໝພະອົງນັ້ນເປັນຍຸກທີ່ບ້ານເມືອງດີ ມີຂຸນນາງຄົນສຳຄັນທີ່ເຕີບໂຕໃນເວລາຕໍ່ມາ ໃນລາຊະການຂອງພະອົງຫຼາຍຄົນ ເຊັ່ນ ສົມເດັດພະເຈົ້າກຸງທົນບຸລີ, ພະບາດສົມເດັດພະພຸດທະຍອດຟ້າຈຸລາໂລກມະຫາລາດ ເປັນຕົ້ນ ໃນທາງດ້ານວັນນະຄະດີກໍມີກະວີຄົນສຳຄັນ ເຊັ່ນ ເຈົ້າຟ້າທຳມາທິເບດໄຊຍະເຊດສຸລິຍະວົງ ກົມມະຂຸນເສນາພິທັກ ຫຼືເຈົ້າຟ້າກຸ້ງ ເຊິ່ງເປັນພະໂອລົດ ເປັນຕົ້ນ
[W 230507 12:51:35 unit:90]  ##5 ##4 ##6 ##1 ##6 ##8 ##8 ##1 ##2 ##8 ##2 ##7 ##3 ##4 ##0 ##5 ##3 ##8 ##0 ##8 ##2 ##3 ##0 ##7 ##3 ##7 ##3   ##2 ##2 ##1 ##1 ##4 ##9 ##7   ##6 ##4 ##7   ##7   ##4 ##6 ##3 ##5 ##3 ##4 ,   ##4 ##4 ##9 ##0 ##6   ##6 ##7   ##1 ##7 ##2 ##0 ##9 ##7 ##1 ##7   ##7   ##0 ##6 ##5 ##3 ##7 ##9   ##2 ##2 ##6 ##3   ##2 ##0 ##8 ##9   ##5 ##4 ##2   ##6 ##7
